<?xml version="1.0" encoding="UTF-8"?>
<!-- Generated by org.testng.reporters.JUnitXMLReporter -->
<testsuite hostname="ROG" ignored="0" name="Command line test" tests="12" failures="0" timestamp="2022-02-02T21:06:14 EST" time="238.927" errors="0">
  <testcase name="@BeforeMethod setup" time="49.554" classname="com.ebay.qa.testcases.CheckoutPageTest">
    <failure type="org.openqa.selenium.TimeoutException" message="Expected condition failed: waiting for url to contain &amp;quot;https://pay.ebay.ca/rxo?action&amp;quot;. Current url: &amp;quot;https://www.ebay.ca/splashui/captcha?ap=1&amp;amp;appName=orch&amp;amp;ru=https%3A%2F%2Fpay.ebay.ca%2Frxo%3Frypsvc%3Dtrue%26pagename%3Dryp%26shoppingcartid%3D8073771522%26action%3Dcreate&amp;amp;iid=46915841-cddf-406b-8b9a-3dae4181e463&amp;amp;iim=fMTQyLjh&amp;amp;iia=CuEyMC4xvj&amp;amp;iiz=KCmMS4yNDc*URG&amp;quot; (tried for 30 second(s) with 500 milliseconds interval)
Build info: version: &amp;apos;3.141.59&amp;apos;, revision: &amp;apos;e82be7d358&amp;apos;, time: &amp;apos;2018-11-14T08:17:03&amp;apos;
System info: host: &amp;apos;ROG&amp;apos;, ip: &amp;apos;192.168.2.20&amp;apos;, os.name: &amp;apos;Windows 8.1&amp;apos;, os.arch: &amp;apos;amd64&amp;apos;, os.version: &amp;apos;6.3&amp;apos;, java.version: &amp;apos;1.8.0_161&amp;apos;
Driver info: org.openqa.selenium.support.events.EventFiringWebDriver
Capabilities {acceptInsecureCerts: false, browserName: chrome, browserVersion: 97.0.4692.99, chrome: {chromedriverVersion: 97.0.4692.71 (adefa7837d02a..., userDataDir: C:\Users\PRAJAP~1\AppData\L...}, goog:chromeOptions: {debuggerAddress: localhost:60792}, javascriptEnabled: true, networkConnectionEnabled: false, pageLoadStrategy: normal, platform: WINDOWS, platformName: WINDOWS, proxy: Proxy(), setWindowRect: true, strictFileInteractability: false, timeouts: {implicit: 0, pageLoad: 300000, script: 30000}, unhandledPromptBehavior: dismiss and notify, webauthn:extension:credBlob: true, webauthn:extension:largeBlob: true, webauthn:virtualAuthenticators: true}
Session ID: 5b79cb07e55a34ddb8e90a680cb76977">
      <![CDATA[org.openqa.selenium.TimeoutException: Expected condition failed: waiting for url to contain "https://pay.ebay.ca/rxo?action". Current url: "https://www.ebay.ca/splashui/captcha?ap=1&appName=orch&ru=https%3A%2F%2Fpay.ebay.ca%2Frxo%3Frypsvc%3Dtrue%26pagename%3Dryp%26shoppingcartid%3D8073771522%26action%3Dcreate&iid=46915841-cddf-406b-8b9a-3dae4181e463&iim=fMTQyLjh&iia=CuEyMC4xvj&iiz=KCmMS4yNDc*URG" (tried for 30 second(s) with 500 milliseconds interval)
Build info: version: '3.141.59', revision: 'e82be7d358', time: '2018-11-14T08:17:03'
System info: host: 'ROG', ip: '192.168.2.20', os.name: 'Windows 8.1', os.arch: 'amd64', os.version: '6.3', java.version: '1.8.0_161'
Driver info: org.openqa.selenium.support.events.EventFiringWebDriver
Capabilities {acceptInsecureCerts: false, browserName: chrome, browserVersion: 97.0.4692.99, chrome: {chromedriverVersion: 97.0.4692.71 (adefa7837d02a..., userDataDir: C:\Users\PRAJAP~1\AppData\L...}, goog:chromeOptions: {debuggerAddress: localhost:60792}, javascriptEnabled: true, networkConnectionEnabled: false, pageLoadStrategy: normal, platform: WINDOWS, platformName: WINDOWS, proxy: Proxy(), setWindowRect: true, strictFileInteractability: false, timeouts: {implicit: 0, pageLoad: 300000, script: 30000}, unhandledPromptBehavior: dismiss and notify, webauthn:extension:credBlob: true, webauthn:extension:largeBlob: true, webauthn:virtualAuthenticators: true}
Session ID: 5b79cb07e55a34ddb8e90a680cb76977
at org.openqa.selenium.support.ui.WebDriverWait.timeoutException(WebDriverWait.java:95)
at org.openqa.selenium.support.ui.FluentWait.until(FluentWait.java:272)
at com.ebay.qa.testcases.CheckoutPageTest.setup(CheckoutPageTest.java:38)
at java.util.ArrayList.forEach(ArrayList.java:1257)
... Removed 41 stack frames]]>
    </failure>
  </testcase> <!-- @BeforeMethod setup -->
  <testcase name="@AfterMethod tearDown" time="-1.643853833617E9" classname="com.ebay.qa.testcases.CheckoutPageTest">
    <skipped/>
  </testcase> <!-- @AfterMethod tearDown -->
  <testcase name="@BeforeMethod setup" time="-1.643853833619E9" classname="com.ebay.qa.testcases.CheckoutPageTest">
    <skipped/>
  </testcase> <!-- @BeforeMethod setup -->
  <testcase name="@AfterMethod tearDown" time="-1.643853833651E9" classname="com.ebay.qa.testcases.CheckoutPageTest">
    <skipped/>
  </testcase> <!-- @AfterMethod tearDown -->
  <testcase name="@BeforeMethod setUp" time="23.233" classname="com.ebay.qa.testcases.WatchListPageTest">
    <failure type="org.openqa.selenium.NoSuchElementException" message="no such element: Unable to locate element: {&amp;quot;method&amp;quot;:&amp;quot;xpath&amp;quot;,&amp;quot;selector&amp;quot;:&amp;quot;//div[@class=&amp;apos;rvi__title&amp;apos;]&amp;quot;}
  (Session info: chrome=97.0.4692.99)
For documentation on this error, please visit: https://www.seleniumhq.org/exceptions/no_such_element.html
Build info: version: &amp;apos;3.141.59&amp;apos;, revision: &amp;apos;e82be7d358&amp;apos;, time: &amp;apos;2018-11-14T08:17:03&amp;apos;
System info: host: &amp;apos;ROG&amp;apos;, ip: &amp;apos;192.168.2.20&amp;apos;, os.name: &amp;apos;Windows 8.1&amp;apos;, os.arch: &amp;apos;amd64&amp;apos;, os.version: &amp;apos;6.3&amp;apos;, java.version: &amp;apos;1.8.0_161&amp;apos;
Driver info: org.openqa.selenium.chrome.ChromeDriver
Capabilities {acceptInsecureCerts: false, browserName: chrome, browserVersion: 97.0.4692.99, chrome: {chromedriverVersion: 97.0.4692.71 (adefa7837d02a..., userDataDir: C:\Users\PRAJAP~1\AppData\L...}, goog:chromeOptions: {debuggerAddress: localhost:61228}, javascriptEnabled: true, networkConnectionEnabled: false, pageLoadStrategy: normal, platform: WINDOWS, platformName: WINDOWS, proxy: Proxy(), setWindowRect: true, strictFileInteractability: false, timeouts: {implicit: 0, pageLoad: 300000, script: 30000}, unhandledPromptBehavior: dismiss and notify, webauthn:extension:credBlob: true, webauthn:extension:largeBlob: true, webauthn:virtualAuthenticators: true}
Session ID: 644760d9463b715e62fb8ce9057d8ce1
*** Element info: {Using=xpath, value=//div[@class=&amp;apos;rvi__title&amp;apos;]}">
      <![CDATA[org.openqa.selenium.NoSuchElementException: no such element: Unable to locate element: {"method":"xpath","selector":"//div[@class='rvi__title']"}
  (Session info: chrome=97.0.4692.99)
For documentation on this error, please visit: https://www.seleniumhq.org/exceptions/no_such_element.html
Build info: version: '3.141.59', revision: 'e82be7d358', time: '2018-11-14T08:17:03'
System info: host: 'ROG', ip: '192.168.2.20', os.name: 'Windows 8.1', os.arch: 'amd64', os.version: '6.3', java.version: '1.8.0_161'
Driver info: org.openqa.selenium.chrome.ChromeDriver
Capabilities {acceptInsecureCerts: false, browserName: chrome, browserVersion: 97.0.4692.99, chrome: {chromedriverVersion: 97.0.4692.71 (adefa7837d02a..., userDataDir: C:\Users\PRAJAP~1\AppData\L...}, goog:chromeOptions: {debuggerAddress: localhost:61228}, javascriptEnabled: true, networkConnectionEnabled: false, pageLoadStrategy: normal, platform: WINDOWS, platformName: WINDOWS, proxy: Proxy(), setWindowRect: true, strictFileInteractability: false, timeouts: {implicit: 0, pageLoad: 300000, script: 30000}, unhandledPromptBehavior: dismiss and notify, webauthn:extension:credBlob: true, webauthn:extension:largeBlob: true, webauthn:virtualAuthenticators: true}
Session ID: 644760d9463b715e62fb8ce9057d8ce1
*** Element info: {Using=xpath, value=//div[@class='rvi__title']}
at org.openqa.selenium.remote.http.W3CHttpResponseCodec.createException(W3CHttpResponseCodec.java:187)
at org.openqa.selenium.remote.http.W3CHttpResponseCodec.decode(W3CHttpResponseCodec.java:122)
at org.openqa.selenium.remote.http.W3CHttpResponseCodec.decode(W3CHttpResponseCodec.java:49)
at org.openqa.selenium.remote.HttpCommandExecutor.execute(HttpCommandExecutor.java:158)
at org.openqa.selenium.remote.service.DriverCommandExecutor.execute(DriverCommandExecutor.java:83)
at org.openqa.selenium.remote.RemoteWebDriver.execute(RemoteWebDriver.java:552)
at org.openqa.selenium.remote.RemoteWebDriver.findElement(RemoteWebDriver.java:323)
at org.openqa.selenium.remote.RemoteWebDriver.findElementByXPath(RemoteWebDriver.java:428)
at org.openqa.selenium.By$ByXPath.findElement(By.java:353)
at org.openqa.selenium.remote.RemoteWebDriver.findElement(RemoteWebDriver.java:315)
at org.openqa.selenium.support.events.EventFiringWebDriver.lambda$new$1(EventFiringWebDriver.java:105)
at com.sun.proxy.$Proxy5.findElement(Unknown Source)
at org.openqa.selenium.support.events.EventFiringWebDriver.findElement(EventFiringWebDriver.java:194)
at org.openqa.selenium.support.pagefactory.DefaultElementLocator.findElement(DefaultElementLocator.java:69)
at org.openqa.selenium.support.pagefactory.internal.LocatingElementHandler.invoke(LocatingElementHandler.java:38)
at com.sun.proxy.$Proxy10.click(Unknown Source)
at com.ebay.qa.pages.HomePage.watchingList(HomePage.java:82)
at com.ebay.qa.testcases.WatchListPageTest.setUp(WatchListPageTest.java:33)
at java.util.ArrayList.forEach(ArrayList.java:1257)
... Removed 48 stack frames]]>
    </failure>
  </testcase> <!-- @BeforeMethod setUp -->
  <testcase name="@AfterMethod tearDown" time="-1.643853974562E9" classname="com.ebay.qa.testcases.WatchListPageTest">
    <skipped/>
  </testcase> <!-- @AfterMethod tearDown -->
  <testcase name="cartPageTitleTest" time="0.104" classname="com.ebay.qa.testcases.CartPageTest"/>
  <testcase name="verifyGoToCheckoutTest" time="0.906" classname="com.ebay.qa.testcases.CartPageTest"/>
  <testcase name="checkoutPageTitleTest" time="0.0" classname="com.ebay.qa.testcases.CheckoutPageTest">
    <skipped/>
  </testcase> <!-- checkoutPageTitleTest -->
  <testcase name="endCheckoutTest" time="0.0" classname="com.ebay.qa.testcases.CheckoutPageTest">
    <skipped/>
  </testcase> <!-- endCheckoutTest -->
  <testcase name="homePageTitleTest" time="0.007" classname="com.ebay.qa.testcases.HomePageTest"/>
  <testcase name="ebayLogoTest" time="0.108" classname="com.ebay.qa.testcases.HomePageTest"/>
  <testcase name="searchTest" time="2.513" classname="com.ebay.qa.testcases.HomePageTest"/>
  <testcase name="userNameLabelTest" time="5.427" classname="com.ebay.qa.testcases.HomePageTest"/>
  <testcase name="signInPageTitleTest" time="0.005" classname="com.ebay.qa.testcases.SignInPageTest"/>
  <testcase name="signInTest" time="3.134" classname="com.ebay.qa.testcases.SignInPageTest"/>
  <testcase name="watchListPageTitleTest" time="0.005" classname="com.ebay.qa.testcases.WatchListPageTest"/>
  <testcase name="addingToCartTest" time="0.0" classname="com.ebay.qa.testcases.WatchListPageTest">
    <skipped/>
  </testcase> <!-- addingToCartTest -->
</testsuite> <!-- Command line test -->
