<?xml version="1.0" encoding="UTF-8" ?>
<testsuite tests="18" failures="2" name="TestSuite" time="206.624" errors="0" skipped="7">
  <properties>
    <property name="java.runtime.name" value="Java(TM) SE Runtime Environment"/>
    <property name="sun.boot.library.path" value="C:\Program Files\Java\jdk1.8.0_161\jre\bin"/>
    <property name="java.vm.version" value="25.161-b12"/>
    <property name="java.vm.vendor" value="Oracle Corporation"/>
    <property name="maven.multiModuleProjectDirectory" value="C:\Selenium_Workspace\PageObjectModelEbay"/>
    <property name="java.vendor.url" value="http://java.oracle.com/"/>
    <property name="path.separator" value=";"/>
    <property name="guice.disable.misplaced.annotation.check" value="true"/>
    <property name="java.vm.name" value="Java HotSpot(TM) 64-Bit Server VM"/>
    <property name="file.encoding.pkg" value="sun.io"/>
    <property name="user.script" value=""/>
    <property name="user.country" value="IN"/>
    <property name="sun.java.launcher" value="SUN_STANDARD"/>
    <property name="sun.os.patch.level" value=""/>
    <property name="java.vm.specification.name" value="Java Virtual Machine Specification"/>
    <property name="user.dir" value="C:\Selenium_Workspace\PageObjectModelEbay"/>
    <property name="java.runtime.version" value="1.8.0_161-b12"/>
    <property name="java.awt.graphicsenv" value="sun.awt.Win32GraphicsEnvironment"/>
    <property name="java.endorsed.dirs" value="C:\Program Files\Java\jdk1.8.0_161\jre\lib\endorsed"/>
    <property name="os.arch" value="amd64"/>
    <property name="java.io.tmpdir" value="C:\Users\PRAJAP~1\AppData\Local\Temp\"/>
    <property name="line.separator" value="
"/>
    <property name="java.vm.specification.vendor" value="Oracle Corporation"/>
    <property name="user.variant" value=""/>
    <property name="os.name" value="Windows 8.1"/>
    <property name="classworlds.conf" value="C:\apache-maven-3.6.3\bin\..\bin\m2.conf"/>
    <property name="sun.jnu.encoding" value="Cp1252"/>
    <property name="java.library.path" value="C:\Program Files\Java\jdk1.8.0_161\bin;C:\Windows\Sun\Java\bin;C:\Windows\system32;C:\Windows;C:\ProgramData\Oracle\Java\javapath;C:\Program Files (x86)\Rockwell Software\RSCommon;C:\Program Files (x86)\NVIDIA Corporation\PhysX\Common;C:\Windows\system32;C:\Windows;C:\Windows\system32\Wbem;C:\Program Files (x86)\Intel\iCLS Client\;C:\Program Files\Intel\iCLS Client\;C:\Windows\System32\WindowsPowerShell\v1.0\;C:\Program Files\Intel\Intel(R) Management Engine Components\DAL;C:\Program Files (x86)\Intel\Intel(R) Management Engine Components\DAL;C:\Program Files\Intel\Intel(R) Management Engine Components\IPT;C:\Program Files (x86)\Intel\Intel(R) Management Engine Components\IPT;C:\Program Files (x86)\Windows Kits\8.1\Windows Performance Toolkit\;C:\Program Files\Microsoft SQL Server\Client SDK\ODBC\110\Tools\Binn\;C:\Program Files (x86)\Microsoft SQL Server\120\Tools\Binn\;C:\Program Files\Microsoft SQL Server\120\Tools\Binn\;C:\Program Files\Microsoft SQL Server\120\DTS\Binn\;C:\Program Files\Java\jdk1.8.0_161\bin;C:\Program Files\Java\jdk1.8.0_161\jre\bin;C:\apache-ant-1.10.8\bin;C:\apache-maven-3.6.3\bin;C:\Program Files\Git\cmd;C:\Program Files\MySQL\MySQL Shell 8.0\bin\;."/>
    <property name="maven.conf" value="C:\apache-maven-3.6.3\bin\../conf"/>
    <property name="java.specification.name" value="Java Platform API Specification"/>
    <property name="java.class.version" value="52.0"/>
    <property name="sun.management.compiler" value="HotSpot 64-Bit Tiered Compilers"/>
    <property name="os.version" value="6.3"/>
    <property name="library.jansi.path" value="C:\apache-maven-3.6.3\bin\..\lib\jansi-native"/>
    <property name="user.home" value="C:\Users\Prajapati"/>
    <property name="user.timezone" value="America/New_York"/>
    <property name="java.awt.printerjob" value="sun.awt.windows.WPrinterJob"/>
    <property name="java.specification.version" value="1.8"/>
    <property name="file.encoding" value="Cp1252"/>
    <property name="user.name" value="Krunal"/>
    <property name="java.class.path" value="C:\apache-maven-3.6.3\bin\..\boot\plexus-classworlds-2.6.0.jar"/>
    <property name="java.vm.specification.version" value="1.8"/>
    <property name="sun.arch.data.model" value="64"/>
    <property name="java.home" value="C:\Program Files\Java\jdk1.8.0_161\jre"/>
    <property name="sun.java.command" value="org.codehaus.plexus.classworlds.launcher.Launcher install"/>
    <property name="java.specification.vendor" value="Oracle Corporation"/>
    <property name="user.language" value="en"/>
    <property name="awt.toolkit" value="sun.awt.windows.WToolkit"/>
    <property name="java.vm.info" value="mixed mode"/>
    <property name="java.version" value="1.8.0_161"/>
    <property name="java.ext.dirs" value="C:\Program Files\Java\jdk1.8.0_161\jre\lib\ext;C:\Windows\Sun\Java\lib\ext"/>
    <property name="sun.boot.class.path" value="C:\Program Files\Java\jdk1.8.0_161\jre\lib\resources.jar;C:\Program Files\Java\jdk1.8.0_161\jre\lib\rt.jar;C:\Program Files\Java\jdk1.8.0_161\jre\lib\sunrsasign.jar;C:\Program Files\Java\jdk1.8.0_161\jre\lib\jsse.jar;C:\Program Files\Java\jdk1.8.0_161\jre\lib\jce.jar;C:\Program Files\Java\jdk1.8.0_161\jre\lib\charsets.jar;C:\Program Files\Java\jdk1.8.0_161\jre\lib\jfr.jar;C:\Program Files\Java\jdk1.8.0_161\jre\classes"/>
    <property name="sun.stderr.encoding" value="cp437"/>
    <property name="java.vendor" value="Oracle Corporation"/>
    <property name="maven.home" value="C:\apache-maven-3.6.3\bin\.."/>
    <property name="file.separator" value="\"/>
    <property name="java.vendor.url.bug" value="http://bugreport.sun.com/bugreport/"/>
    <property name="sun.cpu.endian" value="little"/>
    <property name="sun.io.unicode.encoding" value="UnicodeLittle"/>
    <property name="sun.stdout.encoding" value="cp437"/>
    <property name="sun.desktop" value="windows"/>
    <property name="sun.cpu.isalist" value="amd64"/>
  </properties>
  <testcase classname="com.ebay.qa.testcases.CartPageTest" name="cartPageTitleTest" time="0.107"/>
  <testcase classname="com.ebay.qa.testcases.CartPageTest" name="verifyGoToCheckoutTest" time="0.907"/>
  <testcase classname="com.ebay.qa.testcases.CheckoutPageTest" name="setup" time="51.912">
    <failure message="Expected condition failed: waiting for url to contain &quot;https://pay.ebay.ca/rxo?action&quot;. Current url: &quot;https://www.ebay.ca/splashui/captcha?ap=1&amp;appName=orch&amp;ru=https%3A%2F%2Fpay.ebay.ca%2Frxo%3Frypsvc%3Dtrue%26pagename%3Dryp%26shoppingcartid%3D8073771522%26action%3Dcreate&amp;iid=46915841-cddf-406b-8b9a-3dae4181e463&amp;iim=fMTQyLjh&amp;iia=CuEyMC4xvj&amp;iiz=KCmMS4yNDc*URG&quot; (tried for 30 second(s) with 500 milliseconds interval)
Build info: version: &apos;3.141.59&apos;, revision: &apos;e82be7d358&apos;, time: &apos;2018-11-14T08:17:03&apos;
System info: host: &apos;ROG&apos;, ip: &apos;192.168.2.20&apos;, os.name: &apos;Windows 8.1&apos;, os.arch: &apos;amd64&apos;, os.version: &apos;6.3&apos;, java.version: &apos;1.8.0_161&apos;
Driver info: org.openqa.selenium.support.events.EventFiringWebDriver
Capabilities {acceptInsecureCerts: false, browserName: chrome, browserVersion: 97.0.4692.99, chrome: {chromedriverVersion: 97.0.4692.71 (adefa7837d02a..., userDataDir: C:\Users\PRAJAP~1\AppData\L...}, goog:chromeOptions: {debuggerAddress: localhost:60792}, javascriptEnabled: true, networkConnectionEnabled: false, pageLoadStrategy: normal, platform: WINDOWS, platformName: WINDOWS, proxy: Proxy(), setWindowRect: true, strictFileInteractability: false, timeouts: {implicit: 0, pageLoad: 300000, script: 30000}, unhandledPromptBehavior: dismiss and notify, webauthn:extension:credBlob: true, webauthn:extension:largeBlob: true, webauthn:virtualAuthenticators: true}
Session ID: 5b79cb07e55a34ddb8e90a680cb76977" type="org.openqa.selenium.TimeoutException">org.openqa.selenium.TimeoutException: Expected condition failed: waiting for url to contain &quot;https://pay.ebay.ca/rxo?action&quot;. Current url: &quot;https://www.ebay.ca/splashui/captcha?ap=1&amp;appName=orch&amp;ru=https%3A%2F%2Fpay.ebay.ca%2Frxo%3Frypsvc%3Dtrue%26pagename%3Dryp%26shoppingcartid%3D8073771522%26action%3Dcreate&amp;iid=46915841-cddf-406b-8b9a-3dae4181e463&amp;iim=fMTQyLjh&amp;iia=CuEyMC4xvj&amp;iiz=KCmMS4yNDc*URG&quot; (tried for 30 second(s) with 500 milliseconds interval)
Build info: version: &apos;3.141.59&apos;, revision: &apos;e82be7d358&apos;, time: &apos;2018-11-14T08:17:03&apos;
System info: host: &apos;ROG&apos;, ip: &apos;192.168.2.20&apos;, os.name: &apos;Windows 8.1&apos;, os.arch: &apos;amd64&apos;, os.version: &apos;6.3&apos;, java.version: &apos;1.8.0_161&apos;
Driver info: org.openqa.selenium.support.events.EventFiringWebDriver
Capabilities {acceptInsecureCerts: false, browserName: chrome, browserVersion: 97.0.4692.99, chrome: {chromedriverVersion: 97.0.4692.71 (adefa7837d02a..., userDataDir: C:\Users\PRAJAP~1\AppData\L...}, goog:chromeOptions: {debuggerAddress: localhost:60792}, javascriptEnabled: true, networkConnectionEnabled: false, pageLoadStrategy: normal, platform: WINDOWS, platformName: WINDOWS, proxy: Proxy(), setWindowRect: true, strictFileInteractability: false, timeouts: {implicit: 0, pageLoad: 300000, script: 30000}, unhandledPromptBehavior: dismiss and notify, webauthn:extension:credBlob: true, webauthn:extension:largeBlob: true, webauthn:virtualAuthenticators: true}
Session ID: 5b79cb07e55a34ddb8e90a680cb76977
	at org.openqa.selenium.support.ui.WebDriverWait.timeoutException(WebDriverWait.java:95)
	at org.openqa.selenium.support.ui.FluentWait.until(FluentWait.java:272)
	at com.ebay.qa.testcases.CheckoutPageTest.setup(CheckoutPageTest.java:38)
</failure>
    <system-out>Before navigating to: &apos;https://www.ebay.ca/&apos;
Navigated to:&apos;https://www.ebay.ca/&apos;
Trying to find Element By : By.xpath: //span[@id=&apos;gh-ug&apos;]//a[text()=&apos;Sign in&apos;]
Found Element By : By.xpath: //span[@id=&apos;gh-ug&apos;]//a[text()=&apos;Sign in&apos;]
Trying to click on: [[ChromeDriver: chrome on WINDOWS (5b79cb07e55a34ddb8e90a680cb76977)] -&gt; xpath: //span[@id=&apos;gh-ug&apos;]//a[text()=&apos;Sign in&apos;]]
Clicked on: [[ChromeDriver: chrome on WINDOWS (5b79cb07e55a34ddb8e90a680cb76977)] -&gt; xpath: //span[@id=&apos;gh-ug&apos;]//a[text()=&apos;Sign in&apos;]]
Trying to find Element By : By.id: userid
Found Element By : By.id: userid
Trying to find Element By : By.id: signin-continue-btn
Found Element By : By.id: signin-continue-btn
Trying to click on: [[ChromeDriver: chrome on WINDOWS (5b79cb07e55a34ddb8e90a680cb76977)] -&gt; id: signin-continue-btn]
Clicked on: [[ChromeDriver: chrome on WINDOWS (5b79cb07e55a34ddb8e90a680cb76977)] -&gt; id: signin-continue-btn]
Trying to find Element By : By.id: pass
Found Element By : By.id: pass
Trying to find Element By : By.id: sgnBt
Found Element By : By.id: sgnBt
Trying to click on: [[ChromeDriver: chrome on WINDOWS (5b79cb07e55a34ddb8e90a680cb76977)] -&gt; id: sgnBt]
Clicked on: [[ChromeDriver: chrome on WINDOWS (5b79cb07e55a34ddb8e90a680cb76977)] -&gt; id: sgnBt]
Trying to find Element By : By.xpath: //a[@title=&apos;Watch List&apos;]
Found Element By : By.xpath: //a[@title=&apos;Watch List&apos;]
Trying to click on: [[ChromeDriver: chrome on WINDOWS (5b79cb07e55a34ddb8e90a680cb76977)] -&gt; xpath: //a[@title=&apos;Watch List&apos;]]
Clicked on: [[ChromeDriver: chrome on WINDOWS (5b79cb07e55a34ddb8e90a680cb76977)] -&gt; xpath: //a[@title=&apos;Watch List&apos;]]
Trying to find Element By : By.xpath: //div[@class=&apos;rvi__title&apos;]
Found Element By : By.xpath: //div[@class=&apos;rvi__title&apos;]
Trying to click on: [[ChromeDriver: chrome on WINDOWS (5b79cb07e55a34ddb8e90a680cb76977)] -&gt; xpath: //div[@class=&apos;rvi__title&apos;]]
Clicked on: [[ChromeDriver: chrome on WINDOWS (5b79cb07e55a34ddb8e90a680cb76977)] -&gt; xpath: //div[@class=&apos;rvi__title&apos;]]
Trying to find Element By : By.xpath: //span[@class=&apos;checkbox checkbox__custom-control checkbox__control item-checkbox&apos;]//input[@type=&apos;checkbox&apos;]
Found Element By : By.xpath: //span[@class=&apos;checkbox checkbox__custom-control checkbox__control item-checkbox&apos;]//input[@type=&apos;checkbox&apos;]
Trying to click on: [[ChromeDriver: chrome on WINDOWS (5b79cb07e55a34ddb8e90a680cb76977)] -&gt; xpath: //span[@class=&apos;checkbox checkbox__custom-control checkbox__control item-checkbox&apos;]//input[@type=&apos;checkbox&apos;]]
Clicked on: [[ChromeDriver: chrome on WINDOWS (5b79cb07e55a34ddb8e90a680cb76977)] -&gt; xpath: //span[@class=&apos;checkbox checkbox__custom-control checkbox__control item-checkbox&apos;]//input[@type=&apos;checkbox&apos;]]
Trying to find Element By : By.xpath: //a[@role=&apos;button&apos; and @class=&apos;default secondary fake-btn fake-btn--none fake-btn--secondary&apos;]
Found Element By : By.xpath: //a[@role=&apos;button&apos; and @class=&apos;default secondary fake-btn fake-btn--none fake-btn--secondary&apos;]
Trying to click on: [[ChromeDriver: chrome on WINDOWS (5b79cb07e55a34ddb8e90a680cb76977)] -&gt; xpath: //a[@role=&apos;button&apos; and @class=&apos;default secondary fake-btn fake-btn--none fake-btn--secondary&apos;]]
Clicked on: [[ChromeDriver: chrome on WINDOWS (5b79cb07e55a34ddb8e90a680cb76977)] -&gt; xpath: //a[@role=&apos;button&apos; and @class=&apos;default secondary fake-btn fake-btn--none fake-btn--secondary&apos;]]
Trying to find Element By : By.xpath: //button[contains(text(),&apos;Go to checkout&apos;)]
Found Element By : By.xpath: //button[contains(text(),&apos;Go to checkout&apos;)]
Trying to click on: [[ChromeDriver: chrome on WINDOWS (5b79cb07e55a34ddb8e90a680cb76977)] -&gt; xpath: //button[contains(text(),&apos;Go to checkout&apos;)]]
Clicked on: [[ChromeDriver: chrome on WINDOWS (5b79cb07e55a34ddb8e90a680cb76977)] -&gt; xpath: //button[contains(text(),&apos;Go to checkout&apos;)]]
</system-out>
    <system-err>Starting ChromeDriver 97.0.4692.71 (adefa7837d02a07a604c1e6eff0b3a09422ab88d-refs/branch-heads/4692@{#1247}) on port 22393
Only local connections are allowed.
Please see https://chromedriver.chromium.org/security-considerations for suggestions on keeping ChromeDriver safe.
ChromeDriver was started successfully.
Feb 02, 2022 9:03:05 PM org.openqa.selenium.remote.ProtocolHandshake createSession
INFO: Detected dialect: W3C
</system-err>
  </testcase>
  <testcase classname="com.ebay.qa.testcases.CheckoutPageTest" name="checkoutPageTitleTest" time="0">
    <skipped/>
  </testcase>
  <testcase classname="com.ebay.qa.testcases.CheckoutPageTest" name="tearDown" time="0.003">
    <skipped/>
  </testcase>
  <testcase classname="com.ebay.qa.testcases.CheckoutPageTest" name="setup" time="0.034">
    <skipped/>
  </testcase>
  <testcase classname="com.ebay.qa.testcases.CheckoutPageTest" name="endCheckoutTest" time="0.001">
    <skipped/>
  </testcase>
  <testcase classname="com.ebay.qa.testcases.CheckoutPageTest" name="tearDown" time="0.003">
    <skipped/>
  </testcase>
  <testcase classname="com.ebay.qa.testcases.HomePageTest" name="homePageTitleTest" time="0.008"/>
  <testcase classname="com.ebay.qa.testcases.HomePageTest" name="ebayLogoTest" time="0.107"/>
  <testcase classname="com.ebay.qa.testcases.HomePageTest" name="searchTest" time="8.111"/>
  <testcase classname="com.ebay.qa.testcases.HomePageTest" name="userNameLabelTest" time="145.426"/>
  <testcase classname="com.ebay.qa.testcases.SignInPageTest" name="signInPageTitleTest" time="0"/>
  <testcase classname="com.ebay.qa.testcases.SignInPageTest" name="signInTest" time="0.001"/>
  <testcase classname="com.ebay.qa.testcases.WatchListPageTest" name="watchListPageTitleTest" time="0"/>
  <testcase classname="com.ebay.qa.testcases.WatchListPageTest" name="setUp" time="0.004">
    <failure message="no such element: Unable to locate element: {&quot;method&quot;:&quot;xpath&quot;,&quot;selector&quot;:&quot;//div[@class=&apos;rvi__title&apos;]&quot;}
  (Session info: chrome=97.0.4692.99)
For documentation on this error, please visit: https://www.seleniumhq.org/exceptions/no_such_element.html
Build info: version: &apos;3.141.59&apos;, revision: &apos;e82be7d358&apos;, time: &apos;2018-11-14T08:17:03&apos;
System info: host: &apos;ROG&apos;, ip: &apos;192.168.2.20&apos;, os.name: &apos;Windows 8.1&apos;, os.arch: &apos;amd64&apos;, os.version: &apos;6.3&apos;, java.version: &apos;1.8.0_161&apos;
Driver info: org.openqa.selenium.chrome.ChromeDriver
Capabilities {acceptInsecureCerts: false, browserName: chrome, browserVersion: 97.0.4692.99, chrome: {chromedriverVersion: 97.0.4692.71 (adefa7837d02a..., userDataDir: C:\Users\PRAJAP~1\AppData\L...}, goog:chromeOptions: {debuggerAddress: localhost:61228}, javascriptEnabled: true, networkConnectionEnabled: false, pageLoadStrategy: normal, platform: WINDOWS, platformName: WINDOWS, proxy: Proxy(), setWindowRect: true, strictFileInteractability: false, timeouts: {implicit: 0, pageLoad: 300000, script: 30000}, unhandledPromptBehavior: dismiss and notify, webauthn:extension:credBlob: true, webauthn:extension:largeBlob: true, webauthn:virtualAuthenticators: true}
Session ID: 644760d9463b715e62fb8ce9057d8ce1
*** Element info: {Using=xpath, value=//div[@class=&apos;rvi__title&apos;]}" type="org.openqa.selenium.NoSuchElementException">org.openqa.selenium.NoSuchElementException: no such element: Unable to locate element: {&quot;method&quot;:&quot;xpath&quot;,&quot;selector&quot;:&quot;//div[@class=&apos;rvi__title&apos;]&quot;}
  (Session info: chrome=97.0.4692.99)
For documentation on this error, please visit: https://www.seleniumhq.org/exceptions/no_such_element.html
Build info: version: &apos;3.141.59&apos;, revision: &apos;e82be7d358&apos;, time: &apos;2018-11-14T08:17:03&apos;
System info: host: &apos;ROG&apos;, ip: &apos;192.168.2.20&apos;, os.name: &apos;Windows 8.1&apos;, os.arch: &apos;amd64&apos;, os.version: &apos;6.3&apos;, java.version: &apos;1.8.0_161&apos;
Driver info: org.openqa.selenium.chrome.ChromeDriver
Capabilities {acceptInsecureCerts: false, browserName: chrome, browserVersion: 97.0.4692.99, chrome: {chromedriverVersion: 97.0.4692.71 (adefa7837d02a..., userDataDir: C:\Users\PRAJAP~1\AppData\L...}, goog:chromeOptions: {debuggerAddress: localhost:61228}, javascriptEnabled: true, networkConnectionEnabled: false, pageLoadStrategy: normal, platform: WINDOWS, platformName: WINDOWS, proxy: Proxy(), setWindowRect: true, strictFileInteractability: false, timeouts: {implicit: 0, pageLoad: 300000, script: 30000}, unhandledPromptBehavior: dismiss and notify, webauthn:extension:credBlob: true, webauthn:extension:largeBlob: true, webauthn:virtualAuthenticators: true}
Session ID: 644760d9463b715e62fb8ce9057d8ce1
*** Element info: {Using=xpath, value=//div[@class=&apos;rvi__title&apos;]}
	at sun.reflect.NativeConstructorAccessorImpl.newInstance0(Native Method)
	at sun.reflect.NativeConstructorAccessorImpl.newInstance(NativeConstructorAccessorImpl.java:62)
	at sun.reflect.DelegatingConstructorAccessorImpl.newInstance(DelegatingConstructorAccessorImpl.java:45)
	at java.lang.reflect.Constructor.newInstance(Constructor.java:423)
	at org.openqa.selenium.remote.http.W3CHttpResponseCodec.createException(W3CHttpResponseCodec.java:187)
	at org.openqa.selenium.remote.http.W3CHttpResponseCodec.decode(W3CHttpResponseCodec.java:122)
	at org.openqa.selenium.remote.http.W3CHttpResponseCodec.decode(W3CHttpResponseCodec.java:49)
	at org.openqa.selenium.remote.HttpCommandExecutor.execute(HttpCommandExecutor.java:158)
	at org.openqa.selenium.remote.service.DriverCommandExecutor.execute(DriverCommandExecutor.java:83)
	at org.openqa.selenium.remote.RemoteWebDriver.execute(RemoteWebDriver.java:552)
	at org.openqa.selenium.remote.RemoteWebDriver.findElement(RemoteWebDriver.java:323)
	at org.openqa.selenium.remote.RemoteWebDriver.findElementByXPath(RemoteWebDriver.java:428)
	at org.openqa.selenium.By$ByXPath.findElement(By.java:353)
	at org.openqa.selenium.remote.RemoteWebDriver.findElement(RemoteWebDriver.java:315)
	at sun.reflect.GeneratedMethodAccessor4.invoke(Unknown Source)
	at sun.reflect.DelegatingMethodAccessorImpl.invoke(DelegatingMethodAccessorImpl.java:43)
	at java.lang.reflect.Method.invoke(Method.java:498)
	at org.openqa.selenium.support.events.EventFiringWebDriver.lambda$new$1(EventFiringWebDriver.java:105)
	at com.sun.proxy.$Proxy5.findElement(Unknown Source)
	at org.openqa.selenium.support.events.EventFiringWebDriver.findElement(EventFiringWebDriver.java:194)
	at org.openqa.selenium.support.pagefactory.DefaultElementLocator.findElement(DefaultElementLocator.java:69)
	at org.openqa.selenium.support.pagefactory.internal.LocatingElementHandler.invoke(LocatingElementHandler.java:38)
	at com.sun.proxy.$Proxy10.click(Unknown Source)
	at com.ebay.qa.pages.HomePage.watchingList(HomePage.java:82)
	at com.ebay.qa.testcases.WatchListPageTest.setUp(WatchListPageTest.java:33)
</failure>
    <system-out>Before navigating to: &apos;https://www.ebay.ca/&apos;
Navigated to:&apos;https://www.ebay.ca/&apos;
Trying to find Element By : By.xpath: //span[@id=&apos;gh-ug&apos;]//a[text()=&apos;Sign in&apos;]
Found Element By : By.xpath: //span[@id=&apos;gh-ug&apos;]//a[text()=&apos;Sign in&apos;]
Trying to click on: [[ChromeDriver: chrome on WINDOWS (644760d9463b715e62fb8ce9057d8ce1)] -&gt; xpath: //span[@id=&apos;gh-ug&apos;]//a[text()=&apos;Sign in&apos;]]
Clicked on: [[ChromeDriver: chrome on WINDOWS (644760d9463b715e62fb8ce9057d8ce1)] -&gt; xpath: //span[@id=&apos;gh-ug&apos;]//a[text()=&apos;Sign in&apos;]]
Trying to find Element By : By.id: userid
Found Element By : By.id: userid
Trying to find Element By : By.id: signin-continue-btn
Found Element By : By.id: signin-continue-btn
Trying to click on: [[ChromeDriver: chrome on WINDOWS (644760d9463b715e62fb8ce9057d8ce1)] -&gt; id: signin-continue-btn]
Clicked on: [[ChromeDriver: chrome on WINDOWS (644760d9463b715e62fb8ce9057d8ce1)] -&gt; id: signin-continue-btn]
Trying to find Element By : By.id: pass
Found Element By : By.id: pass
Trying to find Element By : By.id: sgnBt
Found Element By : By.id: sgnBt
Trying to click on: [[ChromeDriver: chrome on WINDOWS (644760d9463b715e62fb8ce9057d8ce1)] -&gt; id: sgnBt]
Clicked on: [[ChromeDriver: chrome on WINDOWS (644760d9463b715e62fb8ce9057d8ce1)] -&gt; id: sgnBt]
Trying to find Element By : By.xpath: //a[@title=&apos;Watch List&apos;]
Found Element By : By.xpath: //a[@title=&apos;Watch List&apos;]
Trying to click on: [[ChromeDriver: chrome on WINDOWS (644760d9463b715e62fb8ce9057d8ce1)] -&gt; xpath: //a[@title=&apos;Watch List&apos;]]
Clicked on: [[ChromeDriver: chrome on WINDOWS (644760d9463b715e62fb8ce9057d8ce1)] -&gt; xpath: //a[@title=&apos;Watch List&apos;]]
Trying to find Element By : By.xpath: //div[@class=&apos;rvi__title&apos;]
Exception occured: org.openqa.selenium.NoSuchElementException: no such element: Unable to locate element: {&quot;method&quot;:&quot;xpath&quot;,&quot;selector&quot;:&quot;//div[@class=&apos;rvi__title&apos;]&quot;}
  (Session info: chrome=97.0.4692.99)
For documentation on this error, please visit: https://www.seleniumhq.org/exceptions/no_such_element.html
Build info: version: &apos;3.141.59&apos;, revision: &apos;e82be7d358&apos;, time: &apos;2018-11-14T08:17:03&apos;
System info: host: &apos;ROG&apos;, ip: &apos;192.168.2.20&apos;, os.name: &apos;Windows 8.1&apos;, os.arch: &apos;amd64&apos;, os.version: &apos;6.3&apos;, java.version: &apos;1.8.0_161&apos;
Driver info: org.openqa.selenium.chrome.ChromeDriver
Capabilities {acceptInsecureCerts: false, browserName: chrome, browserVersion: 97.0.4692.99, chrome: {chromedriverVersion: 97.0.4692.71 (adefa7837d02a..., userDataDir: C:\Users\PRAJAP~1\AppData\L...}, goog:chromeOptions: {debuggerAddress: localhost:61228}, javascriptEnabled: true, networkConnectionEnabled: false, pageLoadStrategy: normal, platform: WINDOWS, platformName: WINDOWS, proxy: Proxy(), setWindowRect: true, strictFileInteractability: false, timeouts: {implicit: 0, pageLoad: 300000, script: 30000}, unhandledPromptBehavior: dismiss and notify, webauthn:extension:credBlob: true, webauthn:extension:largeBlob: true, webauthn:virtualAuthenticators: true}
Session ID: 644760d9463b715e62fb8ce9057d8ce1
*** Element info: {Using=xpath, value=//div[@class=&apos;rvi__title&apos;]}
</system-out>
    <system-err>Starting ChromeDriver 97.0.4692.71 (adefa7837d02a07a604c1e6eff0b3a09422ab88d-refs/branch-heads/4692@{#1247}) on port 21198
Only local connections are allowed.
Please see https://chromedriver.chromium.org/security-considerations for suggestions on keeping ChromeDriver safe.
ChromeDriver was started successfully.
Feb 02, 2022 9:05:52 PM org.openqa.selenium.remote.ProtocolHandshake createSession
INFO: Detected dialect: W3C
</system-err>
  </testcase>
  <testcase classname="com.ebay.qa.testcases.WatchListPageTest" name="addingToCartTest" time="0">
    <skipped/>
  </testcase>
  <testcase classname="com.ebay.qa.testcases.WatchListPageTest" name="tearDown" time="0">
    <skipped/>
  </testcase>
</testsuite>